running
  '/usr/lib/R/bin/R --slave --no-restore --file=gisaid_sequence_process.R'

Loading required package: ade4
Registered S3 method overwritten by 'spdep':
  method   from
  plot.mst ape 

Attaching package: ‘phylobase’

The following object is masked from ‘package:ape’:

    edges

Registered S3 method overwritten by 'geiger':
  method            from
  unique.multiPhylo ape 
Loading required package: maps
Loading required package: Biostrings
Loading required package: BiocGenerics
Loading required package: parallel

Attaching package: ‘BiocGenerics’

The following objects are masked from ‘package:parallel’:

    clusterApply, clusterApplyLB, clusterCall, clusterEvalQ,
    clusterExport, clusterMap, parApply, parCapply, parLapply,
    parLapplyLB, parRapply, parSapply, parSapplyLB

The following object is masked from ‘package:ade4’:

    score

The following objects are masked from ‘package:stats’:

    IQR, mad, sd, var, xtabs

The following objects are masked from ‘package:base’:

    anyDuplicated, append, as.data.frame, basename, cbind, colnames,
    dirname, do.call, duplicated, eval, evalq, Filter, Find, get, grep,
    grepl, intersect, is.unsorted, lapply, Map, mapply, match, mget,
    order, paste, pmax, pmax.int, pmin, pmin.int, Position, rank,
    rbind, Reduce, rownames, sapply, setdiff, sort, table, tapply,
    union, unique, unsplit, which, which.max, which.min

Loading required package: S4Vectors
Loading required package: stats4

Attaching package: ‘S4Vectors’

The following object is masked from ‘package:base’:

    expand.grid

Loading required package: IRanges
Loading required package: XVector
Found more than one class "Annotated" in cache; using the first, from namespace 'RNeXML'
Also defined by ‘S4Vectors’
Found more than one class "Annotated" in cache; using the first, from namespace 'RNeXML'
Also defined by ‘S4Vectors’
Found more than one class "Annotated" in cache; using the first, from namespace 'RNeXML'
Also defined by ‘S4Vectors’
Found more than one class "Annotated" in cache; using the first, from namespace 'RNeXML'
Also defined by ‘S4Vectors’
Found more than one class "Annotated" in cache; using the first, from namespace 'RNeXML'
Also defined by ‘S4Vectors’
Found more than one class "Annotated" in cache; using the first, from namespace 'RNeXML'
Also defined by ‘S4Vectors’

Attaching package: ‘Biostrings’

The following object is masked from ‘package:ape’:

    complement

The following object is masked from ‘package:base’:

    strsplit


Attaching package: ‘muscle’

The following object is masked from ‘package:ape’:

    muscle

Loading required package: RSQLite

Attaching package: ‘data.table’

The following object is masked from ‘package:IRanges’:

    shift

The following objects are masked from ‘package:S4Vectors’:

    first, second

── Attaching packages ─────────────────────────────────────── tidyverse 1.2.1 ──
✔ ggplot2 3.2.1     ✔ readr   1.3.1
✔ tibble  2.1.3     ✔ purrr   0.3.3
✔ tidyr   0.8.3     ✔ dplyr   0.8.4
✔ ggplot2 3.2.1     ✔ forcats 0.4.0
── Conflicts ────────────────────────────────────────── tidyverse_conflicts() ──
✖ dplyr::between()    masks data.table::between()
✖ dplyr::collapse()   masks Biostrings::collapse(), IRanges::collapse()
✖ dplyr::combine()    masks BiocGenerics::combine()
✖ purrr::compact()    masks XVector::compact()
✖ dplyr::desc()       masks IRanges::desc()
✖ tidyr::expand()     masks S4Vectors::expand()
✖ dplyr::filter()     masks stats::filter()
✖ dplyr::first()      masks data.table::first(), S4Vectors::first()
✖ dplyr::lag()        masks stats::lag()
✖ dplyr::last()       masks data.table::last()
✖ purrr::map()        masks maps::map()
✖ ggplot2::Position() masks BiocGenerics::Position(), base::Position()
✖ purrr::reduce()     masks IRanges::reduce()
✖ dplyr::rename()     masks S4Vectors::rename()
✖ dplyr::slice()      masks XVector::slice(), IRanges::slice()
✖ purrr::transpose()  masks data.table::transpose()
Warning message:
In .Call2("fasta_index", filexp_list, nrec, skip, seek.first.rec,  :
  reading FASTA file gisaid_cov2020_sequences_mar_30.fasta: ignored 1817 invalid one-letter sequence codes
Determining distance matrix based on shared 11-mers:
================================================================================

Time difference of 173.36 secs

Clustering into groups by similarity:
================================================================================

Time difference of 3.43 secs

Aligning Sequences:
================================================================================

Time difference of 308.03 secs

